<?xml version="1.0" encoding="UTF-8"?>
<!-- Generated by org.testng.reporters.JUnitReportReporter -->
<testsuite hostname="DESKTOP-PPJFR82" failures="0" tests="10" name="com.vtiger.sampletest.TestScriptTest" time="46.107" errors="1" timestamp="2021-08-24T17:14:51 IST" skipped="3">
  <testcase classname="com.vtiger.sampletest.TestScriptTest" name="sample3Test" time="0.000">
    <skipped/>
  </testcase> <!-- sample3Test -->
  <system-out/>
  <testcase classname="com.vtiger.sampletest.TestScriptTest" name="sample1Test" time="0.000">
    <skipped/>
  </testcase> <!-- sample1Test -->
  <system-out/>
  <testcase classname="com.vtiger.sampletest.TestScriptTest" name="sample3Test" time="7.397"/>
  <system-out/>
  <testcase classname="com.vtiger.sampletest.TestScriptTest" name="sample2Test" time="0.000">
    <skipped/>
  </testcase> <!-- sample2Test -->
  <system-out/>
  <testcase classname="com.vtiger.sampletest.TestScriptTest" name="sample3Test" time="7.469"/>
  <system-out/>
  <testcase classname="com.vtiger.sampletest.TestScriptTest" name="sample2Test" time="7.186"/>
  <system-out/>
  <testcase classname="com.vtiger.sampletest.TestScriptTest" name="configBC" time="0.010">
    <error message="The path to the driver executable must be set by the webdriver.edge.driver system property; for more information, see https://github.com/SeleniumHQ/selenium/wiki/MicrosoftWebDriver. The latest version can be downloaded from http://go.microsoft.com/fwlink/?LinkId=619687" type="java.lang.IllegalStateException">
      <![CDATA[java.lang.IllegalStateException: The path to the driver executable must be set by the webdriver.edge.driver system property; for more information, see https://github.com/SeleniumHQ/selenium/wiki/MicrosoftWebDriver. The latest version can be downloaded from http://go.microsoft.com/fwlink/?LinkId=619687
at com.google.common.base.Preconditions.checkState(Preconditions.java:847)
at org.openqa.selenium.remote.service.DriverService.findExecutable(DriverService.java:134)
at org.openqa.selenium.edge.EdgeDriverService.access$000(EdgeDriverService.java:37)
at org.openqa.selenium.edge.EdgeDriverService$Builder.findDefaultExecutable(EdgeDriverService.java:90)
at org.openqa.selenium.remote.service.DriverService$Builder.build(DriverService.java:355)
at org.openqa.selenium.edge.EdgeDriverService.createDefaultService(EdgeDriverService.java:70)
at org.openqa.selenium.edge.EdgeDriver.<init>(EdgeDriver.java:96)
at com.vtiger.genericutility.BaseClass.configBC(BaseClass.java:38)
at java.base/jdk.internal.reflect.NativeMethodAccessorImpl.invoke0(Native Method)
at java.base/jdk.internal.reflect.NativeMethodAccessorImpl.invoke(NativeMethodAccessorImpl.java:62)
at java.base/jdk.internal.reflect.DelegatingMethodAccessorImpl.invoke(DelegatingMethodAccessorImpl.java:43)
at java.base/java.lang.reflect.Method.invoke(Method.java:564)
at org.testng.internal.MethodInvocationHelper.invokeMethod(MethodInvocationHelper.java:133)
at org.testng.internal.MethodInvocationHelper.invokeMethodConsideringTimeout(MethodInvocationHelper.java:62)
at org.testng.internal.ConfigInvoker.invokeConfigurationMethod(ConfigInvoker.java:385)
at org.testng.internal.ConfigInvoker.invokeConfigurations(ConfigInvoker.java:321)
at org.testng.internal.TestMethodWorker.invokeBeforeClassMethods(TestMethodWorker.java:176)
at org.testng.internal.TestMethodWorker.run(TestMethodWorker.java:122)
at java.base/java.util.ArrayList.forEach(ArrayList.java:1510)
at org.testng.TestRunner.privateRun(TestRunner.java:794)
at org.testng.TestRunner.run(TestRunner.java:596)
at org.testng.SuiteRunner.runTest(SuiteRunner.java:377)
at org.testng.SuiteRunner.access$000(SuiteRunner.java:28)
at org.testng.SuiteRunner$SuiteWorker.run(SuiteRunner.java:418)
at org.testng.internal.thread.ThreadUtil.lambda$execute$0(ThreadUtil.java:64)
at java.base/java.util.concurrent.FutureTask.run(FutureTask.java:264)
at java.base/java.util.concurrent.ThreadPoolExecutor.runWorker(ThreadPoolExecutor.java:1130)
at java.base/java.util.concurrent.ThreadPoolExecutor$Worker.run(ThreadPoolExecutor.java:630)
at java.base/java.lang.Thread.run(Thread.java:832)
]]>
    </error>
  </testcase> <!-- configBC -->
  <system-out/>
  <testcase classname="com.vtiger.sampletest.TestScriptTest" name="sample1Test" time="11.170"/>
  <system-out/>
  <testcase classname="com.vtiger.sampletest.TestScriptTest" name="sample2Test" time="6.420"/>
  <system-out/>
  <testcase classname="com.vtiger.sampletest.TestScriptTest" name="sample1Test" time="6.455"/>
  <system-out/>
</testsuite> <!-- com.vtiger.sampletest.TestScriptTest -->
